<beans xmlns:security="http://www.springframework.org/schema/security"
         xmlns="http://www.springframework.org/schema/beans"
         xmlns:xsi="http://www.w3.org/2001/XMLSchema-instance"
         xmlns:context="http://www.springframework.org/schema/context"
         xmlns:mvc="http://www.springframework.org/schema/mvc"
         xmlns:jpa="http://www.springframework.org/schema/data/jpa"
         xmlns:tx="http://www.springframework.org/schema/tx"
         xmlns:jdbc="http://www.springframework.org/schema/jdbc"
         xsi:schemaLocation="http://www.springframework.org/schema/beans
    http://www.springframework.org/schema/beans/spring-beans-3.0.xsd
    http://www.springframework.org/schema/context
    http://www.springframework.org/schema/context/spring-context-3.0.xsd
    http://www.springframework.org/schema/mvc
    http://www.springframework.org/schema/mvc/spring-mvc-3.0.xsd
    http://www.springframework.org/schema/data/jpa
    http://www.springframework.org/schema/data/jpa/spring-jpa.xsd
    http://www.springframework.org/schema/tx
    http://www.springframework.org/schema/tx/spring-tx.xsd
    http://www.springframework.org/schema/jdbc
    http://www.springframework.org/schema/jdbc/spring-jdbc-3.0.xsd
    http://www.springframework.org/schema/security
    http://www.springframework.org/schema/security/spring-security-3.2.xsd">

    <jdbc:embedded-database id="dataSource" type="DERBY">
        <jdbc:script location="classpath:script.sql/test-database.sql" />
        <jdbc:script location="classpath:script.sql/test-data.sql" />
    </jdbc:embedded-database>

    <bean id="entityManagerFactory"
          class="org.springframework.orm.jpa.LocalContainerEntityManagerFactoryBean">
        <property name="persistenceUnitName" value="entityManager" />
        <property name="dataSource" ref="dataSource" />
    </bean>

    <bean id="transactionManager" class="org.springframework.orm.jpa.JpaTransactionManager">
        <property name="entityManagerFactory" ref="entityManagerFactory" />
    </bean>
    <tx:annotation-driven />



    <security:authentication-manager alias="authenticationManager">
        <security:authentication-provider>
            <security:jdbc-user-service data-source-ref="dataSource"
                               users-by-username-query=
                                       "select login, password, access from users where login=?"
                               authorities-by-username-query=
                                       "select login, role from users where login=?" />
        </security:authentication-provider>
    </security:authentication-manager>



    <bean id="validationMessageSource" class="org.springframework.context.support.ResourceBundleMessageSource">
        <property name="basename" value="ValidationMessages" />
    </bean>

    <bean name="validator"  class="org.springframework.validation.beanvalidation.LocalValidatorFactoryBean">
        <property name="validationMessageSource">
            <ref bean="validationMessageSource"/>
        </property>
    </bean>



    <context:component-scan base-package="com.sam_solutions.*" />
    <mvc:annotation-driven />
    <jpa:repositories base-package="com.sam_solutions.app.dao" />

    <bean name="userService" class="com.sam_solutions.app.service.UserService" />
    <bean name="userRelationService" class="com.sam_solutions.app.service.UserRelationService" />
    <bean name="postService" class="com.sam_solutions.app.service.PostService" />
    <bean name="likeService" class="com.sam_solutions.app.service.LikeService" />

    <bean name="postProfileDtoToPostConverter" class="com.sam_solutions.app.converter.PostProfileDtoToPostConverter" />
    <bean name="postFeedDtoToPostConverter" class="com.sam_solutions.app.converter.PostToPostFeedDtoConverter" />
    <bean name="postToPostProfileDtoConverter" class="com.sam_solutions.app.converter.PostToPostProfileDtoConverter" />
    <bean name="userRelationDtoToUserRelationConverter" class="com.sam_solutions.app.converter.UserRelationDtoToUserRelationConverter" />
    <bean name="userRelationToUserRelationDtoConverter" class="com.sam_solutions.app.converter.UserRelationToUserRelationDtoConverter" />
    <bean name="userSignUpDtoToUserConverter" class="com.sam_solutions.app.converter.UserSignUpDtoToUserConverter" />
    <bean name="userToUserAdminDtoConverter" class="com.sam_solutions.app.converter.UserToUserAdminDtoConverter" />
    <bean name="userToUserFeedDtoConverter" class="com.sam_solutions.app.converter.UserToUserFeedDtoConverter" />
    <bean name="userToUserFollowingDtoConverter" class="com.sam_solutions.app.converter.UserToUserFollowingDtoConverter" />
    <bean name="userToUserProfileDtoConverter" class="com.sam_solutions.app.converter.UserToUserProfileDtoConverter" />
    <bean name="userToUserSearchDtoConverter" class="com.sam_solutions.app.converter.UserToUserSearchDtoConverter" />
    <bean name="userToUserSettingsDtoConverter" class="com.sam_solutions.app.converter.UserToUserSettingsDtoConverter" />

    <bean name="authorizationUtils" class="com.sam_solutions.app.utils.AuthorizationUtils" />
    <bean name="fileUtils" class="com.sam_solutions.app.utils.FileUtils" />
    <bean name="permissionUtils" class="com.sam_solutions.app.utils.PermissionUtils" />
    <bean name="notificationUtils" class="com.sam_solutions.app.utils.NotificationUtils" init-method="start"/>

    <bean name="phoneValidator" class="com.sam_solutions.app.validator.PhoneValidator"/>

</beans>